\BOOKMARK [0][-]{chapter.1}{\376\377\0001\000\040\000H\000i\000e\000r\000a\000r\000c\000h\000i\000c\000a\000l\000\040\000I\000n\000d\000e\000x}{}% 1
\BOOKMARK [1][-]{section.1.1}{\376\377\0001\000.\0001\000\040\000C\000l\000a\000s\000s\000\040\000H\000i\000e\000r\000a\000r\000c\000h\000y}{chapter.1}% 2
\BOOKMARK [0][-]{chapter.2}{\376\377\0002\000\040\000C\000l\000a\000s\000s\000\040\000I\000n\000d\000e\000x}{}% 3
\BOOKMARK [1][-]{section.2.1}{\376\377\0002\000.\0001\000\040\000C\000l\000a\000s\000s\000\040\000L\000i\000s\000t}{chapter.2}% 4
\BOOKMARK [0][-]{chapter.3}{\376\377\0003\000\040\000C\000l\000a\000s\000s\000\040\000D\000o\000c\000u\000m\000e\000n\000t\000a\000t\000i\000o\000n}{}% 5
\BOOKMARK [1][-]{section.3.1}{\376\377\0003\000.\0001\000\040\000C\000o\000u\000n\000t\000M\000i\000n\000<\000\040\000T\000\040\000>\000\040\000C\000l\000a\000s\000s\000\040\000T\000e\000m\000p\000l\000a\000t\000e\000\040\000R\000e\000f\000e\000r\000e\000n\000c\000e}{chapter.3}% 6
\BOOKMARK [2][-]{subsection.3.1.1}{\376\377\0003\000.\0001\000.\0001\000\040\000D\000e\000t\000a\000i\000l\000e\000d\000\040\000D\000e\000s\000c\000r\000i\000p\000t\000i\000o\000n}{section.3.1}% 7
\BOOKMARK [2][-]{subsection.3.1.2}{\376\377\0003\000.\0001\000.\0002\000\040\000C\000o\000n\000s\000t\000r\000u\000c\000t\000o\000r\000\040\000\046\000\040\000D\000e\000s\000t\000r\000u\000c\000t\000o\000r\000\040\000D\000o\000c\000u\000m\000e\000n\000t\000a\000t\000i\000o\000n}{section.3.1}% 8
\BOOKMARK [3][-]{subsubsection.3.1.2.1}{\376\377\0003\000.\0001\000.\0002\000.\0001\000\040\000C\000o\000u\000n\000t\000M\000i\000n\000\050\000i\000n\000t\000\040\000\137\000m\000,\000\040\000i\000n\000t\000\040\000\137\000d\000=\0002\0000\000\051}{subsection.3.1.2}% 9
\BOOKMARK [2][-]{subsection.3.1.3}{\376\377\0003\000.\0001\000.\0003\000\040\000M\000e\000m\000b\000e\000r\000\040\000F\000u\000n\000c\000t\000i\000o\000n\000\040\000D\000o\000c\000u\000m\000e\000n\000t\000a\000t\000i\000o\000n}{section.3.1}% 10
\BOOKMARK [3][-]{subsubsection.3.1.3.1}{\376\377\0003\000.\0001\000.\0003\000.\0001\000\040\000e\000s\000t\000T\000o\000t\000W\000e\000i\000g\000h\000t\000\050\000c\000o\000n\000s\000t\000\040\000T\000\040\000\046\000i\000t\000e\000m\000\051}{subsection.3.1.3}% 11
\BOOKMARK [1][-]{section.3.2}{\376\377\0003\000.\0002\000\040\000C\000o\000u\000n\000t\000M\000i\000n\000\137\000b\000a\000s\000i\000c\000\040\000C\000l\000a\000s\000s\000\040\000R\000e\000f\000e\000r\000e\000n\000c\000e}{chapter.3}% 12
\BOOKMARK [2][-]{subsection.3.2.1}{\376\377\0003\000.\0002\000.\0001\000\040\000D\000e\000t\000a\000i\000l\000e\000d\000\040\000D\000e\000s\000c\000r\000i\000p\000t\000i\000o\000n}{section.3.2}% 13
\BOOKMARK [2][-]{subsection.3.2.2}{\376\377\0003\000.\0002\000.\0002\000\040\000C\000o\000n\000s\000t\000r\000u\000c\000t\000o\000r\000\040\000\046\000\040\000D\000e\000s\000t\000r\000u\000c\000t\000o\000r\000\040\000D\000o\000c\000u\000m\000e\000n\000t\000a\000t\000i\000o\000n}{section.3.2}% 14
\BOOKMARK [3][-]{subsubsection.3.2.2.1}{\376\377\0003\000.\0002\000.\0002\000.\0001\000\040\000C\000o\000u\000n\000t\000M\000i\000n\000\137\000b\000a\000s\000i\000c\000\050\000i\000n\000t\000\040\000\137\000m\000,\000\040\000i\000n\000t\000\040\000\137\000d\000=\0002\0000\000\051}{subsection.3.2.2}% 15
\BOOKMARK [2][-]{subsection.3.2.3}{\376\377\0003\000.\0002\000.\0003\000\040\000M\000e\000m\000b\000e\000r\000\040\000F\000u\000n\000c\000t\000i\000o\000n\000\040\000D\000o\000c\000u\000m\000e\000n\000t\000a\000t\000i\000o\000n}{section.3.2}% 16
\BOOKMARK [3][-]{subsubsection.3.2.3.1}{\376\377\0003\000.\0002\000.\0003\000.\0001\000\040\000e\000s\000t\000T\000o\000t\000W\000e\000i\000g\000h\000t\000\050\000c\000o\000n\000s\000t\000\040\000I\000t\000e\000m\000T\000y\000p\000e\000\040\000\046\000i\000t\000e\000m\000\051}{subsection.3.2.3}% 17
\BOOKMARK [1][-]{section.3.3}{\376\377\0003\000.\0003\000\040\000C\000o\000u\000n\000t\000S\000k\000e\000t\000c\000h\000<\000\040\000T\000\040\000>\000\040\000C\000l\000a\000s\000s\000\040\000T\000e\000m\000p\000l\000a\000t\000e\000\040\000R\000e\000f\000e\000r\000e\000n\000c\000e}{chapter.3}% 18
\BOOKMARK [2][-]{subsection.3.3.1}{\376\377\0003\000.\0003\000.\0001\000\040\000D\000e\000t\000a\000i\000l\000e\000d\000\040\000D\000e\000s\000c\000r\000i\000p\000t\000i\000o\000n}{section.3.3}% 19
\BOOKMARK [2][-]{subsection.3.3.2}{\376\377\0003\000.\0003\000.\0002\000\040\000C\000o\000n\000s\000t\000r\000u\000c\000t\000o\000r\000\040\000\046\000\040\000D\000e\000s\000t\000r\000u\000c\000t\000o\000r\000\040\000D\000o\000c\000u\000m\000e\000n\000t\000a\000t\000i\000o\000n}{section.3.3}% 20
\BOOKMARK [3][-]{subsubsection.3.3.2.1}{\376\377\0003\000.\0003\000.\0002\000.\0001\000\040\000C\000o\000u\000n\000t\000S\000k\000e\000t\000c\000h\000\050\000i\000n\000t\000\040\000\137\000m\000,\000\040\000i\000n\000t\000\040\000\137\000d\000=\0002\0000\000\051}{subsection.3.3.2}% 21
\BOOKMARK [1][-]{section.3.4}{\376\377\0003\000.\0004\000\040\000C\000o\000u\000n\000t\000S\000k\000e\000t\000c\000h\000\137\000b\000a\000s\000i\000c\000\040\000C\000l\000a\000s\000s\000\040\000R\000e\000f\000e\000r\000e\000n\000c\000e}{chapter.3}% 22
\BOOKMARK [2][-]{subsection.3.4.1}{\376\377\0003\000.\0004\000.\0001\000\040\000D\000e\000t\000a\000i\000l\000e\000d\000\040\000D\000e\000s\000c\000r\000i\000p\000t\000i\000o\000n}{section.3.4}% 23
\BOOKMARK [2][-]{subsection.3.4.2}{\376\377\0003\000.\0004\000.\0002\000\040\000C\000o\000n\000s\000t\000r\000u\000c\000t\000o\000r\000\040\000\046\000\040\000D\000e\000s\000t\000r\000u\000c\000t\000o\000r\000\040\000D\000o\000c\000u\000m\000e\000n\000t\000a\000t\000i\000o\000n}{section.3.4}% 24
\BOOKMARK [3][-]{subsubsection.3.4.2.1}{\376\377\0003\000.\0004\000.\0002\000.\0001\000\040\000C\000o\000u\000n\000t\000S\000k\000e\000t\000c\000h\000\137\000b\000a\000s\000i\000c\000\050\000i\000n\000t\000\040\000\137\000m\000,\000\040\000i\000n\000t\000\040\000\137\000d\000=\0002\0000\000\051}{subsection.3.4.2}% 25
\BOOKMARK [2][-]{subsection.3.4.3}{\376\377\0003\000.\0004\000.\0003\000\040\000M\000e\000m\000b\000e\000r\000\040\000F\000u\000n\000c\000t\000i\000o\000n\000\040\000D\000o\000c\000u\000m\000e\000n\000t\000a\000t\000i\000o\000n}{section.3.4}% 26
\BOOKMARK [3][-]{subsubsection.3.4.3.1}{\376\377\0003\000.\0004\000.\0003\000.\0001\000\040\000e\000s\000t\000T\000o\000t\000W\000e\000i\000g\000h\000t\000\050\000c\000o\000n\000s\000t\000\040\000I\000t\000e\000m\000T\000y\000p\000e\000\040\000\046\000i\000t\000e\000m\000\051}{subsection.3.4.3}% 27
\BOOKMARK [1][-]{section.3.5}{\376\377\0003\000.\0005\000\040\000R\000e\000s\000e\000r\000v\000o\000i\000r\000S\000a\000m\000p\000l\000i\000n\000g\000<\000\040\000T\000\040\000>\000\040\000C\000l\000a\000s\000s\000\040\000T\000e\000m\000p\000l\000a\000t\000e\000\040\000R\000e\000f\000e\000r\000e\000n\000c\000e}{chapter.3}% 28
\BOOKMARK [2][-]{subsection.3.5.1}{\376\377\0003\000.\0005\000.\0001\000\040\000D\000e\000t\000a\000i\000l\000e\000d\000\040\000D\000e\000s\000c\000r\000i\000p\000t\000i\000o\000n}{section.3.5}% 29
\BOOKMARK [2][-]{subsection.3.5.2}{\376\377\0003\000.\0005\000.\0002\000\040\000C\000o\000n\000s\000t\000r\000u\000c\000t\000o\000r\000\040\000\046\000\040\000D\000e\000s\000t\000r\000u\000c\000t\000o\000r\000\040\000D\000o\000c\000u\000m\000e\000n\000t\000a\000t\000i\000o\000n}{section.3.5}% 30
\BOOKMARK [3][-]{subsubsection.3.5.2.1}{\376\377\0003\000.\0005\000.\0002\000.\0001\000\040\000R\000e\000s\000e\000r\000v\000o\000i\000r\000S\000a\000m\000p\000l\000i\000n\000g\000\050\000i\000n\000t\000\040\000\137\000n\000S\000a\000m\000p\000l\000e\000s\000,\000\040\000b\000o\000o\000l\000\040\000\137\000w\000i\000t\000h\000R\000p\000l\000=\000t\000r\000u\000e\000\051}{subsection.3.5.2}% 31
\BOOKMARK [2][-]{subsection.3.5.3}{\376\377\0003\000.\0005\000.\0003\000\040\000M\000e\000m\000b\000e\000r\000\040\000F\000u\000n\000c\000t\000i\000o\000n\000\040\000D\000o\000c\000u\000m\000e\000n\000t\000a\000t\000i\000o\000n}{section.3.5}% 32
\BOOKMARK [3][-]{subsubsection.3.5.3.1}{\376\377\0003\000.\0005\000.\0003\000.\0001\000\040\000p\000r\000o\000c\000e\000s\000s\000I\000t\000e\000m\000\050\000c\000o\000n\000s\000t\000\040\000T\000\040\000\046\000i\000t\000e\000m\000,\000\040\000d\000o\000u\000b\000l\000e\000\040\000w\000e\000i\000g\000h\000t\000=\0001\000.\000\051}{subsection.3.5.3}% 33
\BOOKMARK [1][-]{section.3.6}{\376\377\0003\000.\0006\000\040\000S\000a\000m\000p\000l\000i\000n\000g\000<\000\040\000T\000\040\000>\000\040\000C\000l\000a\000s\000s\000\040\000T\000e\000m\000p\000l\000a\000t\000e\000\040\000R\000e\000f\000e\000r\000e\000n\000c\000e}{chapter.3}% 34
\BOOKMARK [1][-]{section.3.7}{\376\377\0003\000.\0007\000\040\000S\000k\000e\000t\000c\000h\000<\000\040\000T\000\040\000>\000\040\000C\000l\000a\000s\000s\000\040\000T\000e\000m\000p\000l\000a\000t\000e\000\040\000R\000e\000f\000e\000r\000e\000n\000c\000e}{chapter.3}% 35
\BOOKMARK [0][-]{section*.19}{\376\377\000I\000n\000d\000e\000x}{}% 36
